Determining if the pthread_create exist failed with the following output:
Change Dir: /home/nis/coding/courses/cs771/project/build/CMakeFiles/CMakeTmp

Run Build Command:"/usr/bin/make" "cmTC_a2e9c/fast"
make[1]: Entering directory '/home/nis/coding/courses/cs771/project/build/CMakeFiles/CMakeTmp'
/usr/bin/make -f CMakeFiles/cmTC_a2e9c.dir/build.make CMakeFiles/cmTC_a2e9c.dir/build
make[2]: Entering directory '/home/nis/coding/courses/cs771/project/build/CMakeFiles/CMakeTmp'
Building C object CMakeFiles/cmTC_a2e9c.dir/CheckSymbolExists.c.o
/usr/bin/cc    -fPIC    -o CMakeFiles/cmTC_a2e9c.dir/CheckSymbolExists.c.o   -c /home/nis/coding/courses/cs771/project/build/CMakeFiles/CMakeTmp/CheckSymbolExists.c
Linking C executable cmTC_a2e9c
/usr/bin/cmake -E cmake_link_script CMakeFiles/cmTC_a2e9c.dir/link.txt --verbose=1
/usr/bin/cc  -fPIC     CMakeFiles/cmTC_a2e9c.dir/CheckSymbolExists.c.o  -o cmTC_a2e9c -rdynamic 
CMakeFiles/cmTC_a2e9c.dir/CheckSymbolExists.c.o: In function `main':
CheckSymbolExists.c:(.text+0x1b): undefined reference to `pthread_create'
collect2: error: ld returned 1 exit status
CMakeFiles/cmTC_a2e9c.dir/build.make:97: recipe for target 'cmTC_a2e9c' failed
make[2]: *** [cmTC_a2e9c] Error 1
make[2]: Leaving directory '/home/nis/coding/courses/cs771/project/build/CMakeFiles/CMakeTmp'
Makefile:126: recipe for target 'cmTC_a2e9c/fast' failed
make[1]: *** [cmTC_a2e9c/fast] Error 2
make[1]: Leaving directory '/home/nis/coding/courses/cs771/project/build/CMakeFiles/CMakeTmp'

File /home/nis/coding/courses/cs771/project/build/CMakeFiles/CMakeTmp/CheckSymbolExists.c:
/* */
#include <pthread.h>

int main(int argc, char** argv)
{
  (void)argv;
#ifndef pthread_create
  return ((int*)(&pthread_create))[argc];
#else
  (void)argc;
  return 0;
#endif
}

Determining if the function pthread_create exists in the pthreads failed with the following output:
Change Dir: /home/nis/coding/courses/cs771/project/build/CMakeFiles/CMakeTmp

Run Build Command:"/usr/bin/make" "cmTC_1f1b2/fast"
make[1]: Entering directory '/home/nis/coding/courses/cs771/project/build/CMakeFiles/CMakeTmp'
/usr/bin/make -f CMakeFiles/cmTC_1f1b2.dir/build.make CMakeFiles/cmTC_1f1b2.dir/build
make[2]: Entering directory '/home/nis/coding/courses/cs771/project/build/CMakeFiles/CMakeTmp'
Building C object CMakeFiles/cmTC_1f1b2.dir/CheckFunctionExists.c.o
/usr/bin/cc    -fPIC -DCHECK_FUNCTION_EXISTS=pthread_create   -o CMakeFiles/cmTC_1f1b2.dir/CheckFunctionExists.c.o   -c /usr/share/cmake-3.5/Modules/CheckFunctionExists.c
Linking C executable cmTC_1f1b2
/usr/bin/cmake -E cmake_link_script CMakeFiles/cmTC_1f1b2.dir/link.txt --verbose=1
/usr/bin/cc  -fPIC -DCHECK_FUNCTION_EXISTS=pthread_create    CMakeFiles/cmTC_1f1b2.dir/CheckFunctionExists.c.o  -o cmTC_1f1b2 -rdynamic -lpthreads 
/usr/bin/ld: cannot find -lpthreads
collect2: error: ld returned 1 exit status
CMakeFiles/cmTC_1f1b2.dir/build.make:97: recipe for target 'cmTC_1f1b2' failed
make[2]: *** [cmTC_1f1b2] Error 1
make[2]: Leaving directory '/home/nis/coding/courses/cs771/project/build/CMakeFiles/CMakeTmp'
Makefile:126: recipe for target 'cmTC_1f1b2/fast' failed
make[1]: *** [cmTC_1f1b2/fast] Error 2
make[1]: Leaving directory '/home/nis/coding/courses/cs771/project/build/CMakeFiles/CMakeTmp'


